App/android/app/build/intermediates/manifest_merge_blame_file/debug/manifest-merger-blame-debug-report.txt
1<?xml version="1.0" encoding="utf-8"?>
2<manifest xmlns:android="http://schemas.android.com/apk/res/android"
3    package="com.shoppinglist"
4    android:versionCode="1"
5    android:versionName="1.0" >
6
7    <uses-sdk
8        android:minSdkVersion="21"
9        android:targetSdkVersion="30" />
10
11    <uses-permission android:name="android.permission.SYSTEM_ALERT_WINDOW" />
11-->src\debug\AndroidManifest.xml:5:5-77
11-->src\debug\AndroidManifest.xml:5:22-75
12    <uses-permission android:name="android.permission.INTERNET" />
12-->src\main\AndroidManifest.xml:4:5-67
12-->src\main\AndroidManifest.xml:4:22-64
13    <uses-permission android:name="android.permission.ACCESS_WIFI_STATE" />
13-->[com.facebook.flipper:flipper:0.93.0] AndroidManifest.xml:16:5-76
13-->[com.facebook.flipper:flipper:0.93.0] AndroidManifest.xml:16:22-73
14    <uses-permission android:name="android.permission.ACCESS_NETWORK_STATE" />
14-->[:react-native-community_netinfo] AndroidManifest.xml:9:5-79
14-->[:react-native-community_netinfo] AndroidManifest.xml:9:22-76
15
16    <queries>
16-->[:react-native-auth0] AndroidManifest.xml:14:5-22:15
17        <intent>
17-->[:react-native-auth0] AndroidManifest.xml:15:9-21:18
18            <action android:name="android.intent.action.VIEW" />
18-->[:react-native-auth0] AndroidManifest.xml:16:13-65
18-->[:react-native-auth0] AndroidManifest.xml:16:21-62
19
20            <category android:name="android.intent.category.BROWSABLE" />
20-->[:react-native-auth0] AndroidManifest.xml:18:13-74
20-->[:react-native-auth0] AndroidManifest.xml:18:23-71
21
22            <data android:scheme="https" />
22-->[:react-native-auth0] AndroidManifest.xml:20:13-44
22-->[:react-native-auth0] AndroidManifest.xml:20:19-41
23        </intent>
24    </queries>
25
26    <application
26-->src\main\AndroidManifest.xml:6:5-24:19
27        android:name="com.shoppinglist.MainApplication"
27-->src\main\AndroidManifest.xml:7:7-38
28        android:allowBackup="false"
28-->src\main\AndroidManifest.xml:11:7-34
29        android:appComponentFactory="androidx.core.app.CoreComponentFactory"
29-->[androidx.core:core:1.1.0] AndroidManifest.xml:24:18-86
30        android:debuggable="true"
31        android:icon="@mipmap/ic_launcher"
31-->src\main\AndroidManifest.xml:9:7-41
32        android:label="@string/app_name"
32-->src\main\AndroidManifest.xml:8:7-39
33        android:roundIcon="@mipmap/ic_launcher_round"
33-->src\main\AndroidManifest.xml:10:7-52
34        android:theme="@style/AppTheme"
34-->src\main\AndroidManifest.xml:12:7-38
35        android:usesCleartextTraffic="true" >
35-->src\debug\AndroidManifest.xml:8:9-44
36        <activity android:name="com.facebook.react.devsupport.DevSettingsActivity" />
36-->src\debug\AndroidManifest.xml:11:9-86
36-->src\debug\AndroidManifest.xml:11:19-83
37        <activity
37-->src\main\AndroidManifest.xml:13:7-23:18
38            android:name="com.shoppinglist.MainActivity"
38-->src\main\AndroidManifest.xml:14:9-37
39            android:configChanges="keyboard|keyboardHidden|orientation|screenSize|uiMode"
39-->src\main\AndroidManifest.xml:16:9-86
40            android:label="@string/app_name"
40-->src\main\AndroidManifest.xml:15:9-41
41            android:launchMode="singleTask"
41-->src\main\AndroidManifest.xml:17:9-40
42            android:windowSoftInputMode="adjustResize" >
42-->src\main\AndroidManifest.xml:18:9-51
43            <intent-filter>
43-->src\main\AndroidManifest.xml:19:9-22:25
44                <action android:name="android.intent.action.MAIN" />
44-->src\main\AndroidManifest.xml:20:13-65
44-->src\main\AndroidManifest.xml:20:21-62
45
46                <category android:name="android.intent.category.LAUNCHER" />
46-->src\main\AndroidManifest.xml:21:13-73
46-->src\main\AndroidManifest.xml:21:23-70
47            </intent-filter>
48        </activity>
49        <activity
49-->[:react-native-auth0] AndroidManifest.xml:25:9-29:75
50            android:name="com.auth0.react.AuthenticationActivity"
50-->[:react-native-auth0] AndroidManifest.xml:26:13-66
51            android:exported="false"
51-->[:react-native-auth0] AndroidManifest.xml:27:13-37
52            android:launchMode="singleTask"
52-->[:react-native-auth0] AndroidManifest.xml:28:13-44
53            android:theme="@android:style/Theme.Translucent.NoTitleBar" />
53-->[:react-native-auth0] AndroidManifest.xml:29:13-72
54        <activity
54-->[:react-native-auth0] AndroidManifest.xml:30:9-46:20
55            android:name="com.auth0.react.RedirectActivity"
55-->[:react-native-auth0] AndroidManifest.xml:31:13-60
56            android:exported="true" >
56-->[:react-native-auth0] AndroidManifest.xml:32:13-36
57            <intent-filter android:autoVerify="true" >
57-->[:react-native-auth0] AndroidManifest.xml:33:13-45:29
57-->[:react-native-auth0] AndroidManifest.xml:34:17-42
58                <action android:name="android.intent.action.VIEW" />
58-->[:react-native-auth0] AndroidManifest.xml:16:13-65
58-->[:react-native-auth0] AndroidManifest.xml:16:21-62
59
60                <category android:name="android.intent.category.DEFAULT" />
60-->[:react-native-auth0] AndroidManifest.xml:38:17-76
60-->[:react-native-auth0] AndroidManifest.xml:38:27-73
61                <category android:name="android.intent.category.BROWSABLE" />
61-->[:react-native-auth0] AndroidManifest.xml:18:13-74
61-->[:react-native-auth0] AndroidManifest.xml:18:23-71
62
63                <data
63-->[:react-native-auth0] AndroidManifest.xml:20:13-44
64                    android:host="dev-j0o6-3-s.au.auth0.com"
65                    android:pathPrefix="/android/com.shoppinglist/callback"
66                    android:scheme="com.shoppinglist" />
66-->[:react-native-auth0] AndroidManifest.xml:20:19-41
67            </intent-filter>
68        </activity>
69    </application>
70
71</manifest>